<?xml version="1.0" encoding="UTF-8"?>
<!-- Generated by org.testng.reporters.JUnitReportReporter -->
<testsuite hostname="LAPTOP-DQ0N4BD6" failures="0" tests="1" name="sample.Demo" time="0.022" errors="0" timestamp="2023-08-04T15:08:31 IST" skipped="0">
  <testcase classname="sample.Demo" name="sample" time="0.022"/>
  <system-out/>
</testsuite> <!-- sample.Demo -->
